<?xml version="1.0" encoding="UTF-8"?>
<testsuite name="com.example.restservice.ApplicationTests" tests="1" skipped="0" failures="0" errors="0" timestamp="2020-03-09T16:20:28" hostname="A206-20" time="0.027">
  <properties/>
  <testcase name="whenTestMvcController_thenRetrieveExpectedResult()" classname="com.example.restservice.ApplicationTests" time="0.027"/>
  <system-out><![CDATA[]]></system-out>
  <system-err><![CDATA[]]></system-err>
</testsuite>
