<?xml version="1.0" encoding="UTF-8"?>
<testsuite name="com.example.restservice.SummerApplicationTests" tests="1" skipped="0" failures="0" errors="0" timestamp="2020-03-17T18:52:52" hostname="DESKTOP-N80UKQI" time="0.008">
  <properties/>
  <testcase name="contextLoads()" classname="com.example.restservice.SummerApplicationTests" time="0.008"/>
  <system-out><![CDATA[]]></system-out>
  <system-err><![CDATA[]]></system-err>
</testsuite>
